0 info it worked if it ends with ok
1 verbose cli [ '/usr/bin/node', '/usr/bin/npm', 'install', 'underscore', '-g' ]
2 info using npm@1.4.28
3 info using node@v0.10.32
4 verbose node symlink /usr/bin/node
5 verbose cache add [ 'underscore', null ]
6 verbose cache add name=undefined spec="underscore" args=["underscore",null]
7 verbose parsed url { protocol: null,
7 verbose parsed url   slashes: null,
7 verbose parsed url   auth: null,
7 verbose parsed url   host: null,
7 verbose parsed url   port: null,
7 verbose parsed url   hostname: null,
7 verbose parsed url   hash: null,
7 verbose parsed url   search: null,
7 verbose parsed url   query: null,
7 verbose parsed url   pathname: 'underscore',
7 verbose parsed url   path: 'underscore',
7 verbose parsed url   href: 'underscore' }
8 silly lockFile 64bc6893-underscore underscore
9 verbose lock underscore /home/kern0/.npm/64bc6893-underscore.lock
10 silly lockFile 64bc6893-underscore underscore
11 silly lockFile 64bc6893-underscore underscore
12 verbose addNamed [ 'underscore', '' ]
13 verbose addNamed [ null, '*' ]
14 silly lockFile 7629b758-underscore underscore@
15 verbose lock underscore@ /home/kern0/.npm/7629b758-underscore.lock
16 silly addNameRange { name: 'underscore', range: '*', hasData: false }
17 verbose request where is /underscore
18 verbose request registry https://registry.npmjs.org/
19 verbose request id 0e4fea1f814dbb1e
20 verbose url raw /underscore
21 verbose url resolving [ 'https://registry.npmjs.org/', './underscore' ]
22 verbose url resolved https://registry.npmjs.org/underscore
23 verbose request where is https://registry.npmjs.org/underscore
24 info trying registry request attempt 1 at 01:26:02
25 http GET https://registry.npmjs.org/underscore
26 http 200 https://registry.npmjs.org/underscore
27 silly registry.get cb [ 200,
27 silly registry.get   { date: 'Sun, 28 Sep 2014 21:26:02 GMT',
27 silly registry.get     server: 'CouchDB/1.5.0 (Erlang OTP/R16B03)',
27 silly registry.get     etag: '"DMX6Y7W8C06NSI8ITOH16AZ1U"',
27 silly registry.get     'content-type': 'application/json',
27 silly registry.get     'cache-control': 'max-age=60',
27 silly registry.get     'content-length': '32858',
27 silly registry.get     'accept-ranges': 'bytes',
27 silly registry.get     via: '1.1 varnish',
27 silly registry.get     age: '290',
27 silly registry.get     'x-served-by': 'cache-fra1234-FRA',
27 silly registry.get     'x-cache': 'HIT',
27 silly registry.get     'x-cache-hits': '2',
27 silly registry.get     'x-timer': 'S1411939562.376610,VS0,VE0',
27 silly registry.get     vary: 'Accept',
27 silly registry.get     'keep-alive': 'timeout=10, max=50',
27 silly registry.get     connection: 'Keep-Alive' } ]
28 silly addNameRange number 2 { name: 'underscore', range: '*', hasData: true }
29 silly addNameRange versions [ 'underscore',
29 silly addNameRange   [ '1.0.3',
29 silly addNameRange     '1.0.4',
29 silly addNameRange     '1.1.0',
29 silly addNameRange     '1.1.1',
29 silly addNameRange     '1.1.2',
29 silly addNameRange     '1.1.3',
29 silly addNameRange     '1.1.4',
29 silly addNameRange     '1.1.5',
29 silly addNameRange     '1.1.6',
29 silly addNameRange     '1.1.7',
29 silly addNameRange     '1.2.0',
29 silly addNameRange     '1.2.1',
29 silly addNameRange     '1.2.2',
29 silly addNameRange     '1.2.3',
29 silly addNameRange     '1.2.4',
29 silly addNameRange     '1.3.0',
29 silly addNameRange     '1.3.1',
29 silly addNameRange     '1.3.2',
29 silly addNameRange     '1.3.3',
29 silly addNameRange     '1.4.0',
29 silly addNameRange     '1.4.1',
29 silly addNameRange     '1.4.2',
29 silly addNameRange     '1.4.3',
29 silly addNameRange     '1.4.4',
29 silly addNameRange     '1.5.0',
29 silly addNameRange     '1.5.1',
29 silly addNameRange     '1.5.2',
29 silly addNameRange     '1.6.0',
29 silly addNameRange     '1.7.0' ] ]
30 verbose addNamed [ 'underscore', '1.7.0' ]
31 verbose addNamed [ '1.7.0', '1.7.0' ]
32 silly lockFile 900da168-underscore-1-7-0 underscore@1.7.0
33 verbose lock underscore@1.7.0 /home/kern0/.npm/900da168-underscore-1-7-0.lock
34 silly lockFile 0bc9860b--underscore-underscore-1-7-0-tgz https://registry.npmjs.org/underscore/-/underscore-1.7.0.tgz
35 verbose lock https://registry.npmjs.org/underscore/-/underscore-1.7.0.tgz /home/kern0/.npm/0bc9860b--underscore-underscore-1-7-0-tgz.lock
36 verbose addRemoteTarball [ 'https://registry.npmjs.org/underscore/-/underscore-1.7.0.tgz',
36 verbose addRemoteTarball   '6bbaf0877500d36be34ecaa584e0db9fef035209' ]
37 info retry fetch attempt 1 at 01:26:02
38 verbose fetch to= /tmp/npm-23478-RMiZwEOB/registry.npmjs.org/underscore/-/underscore-1.7.0.tgz
39 http GET https://registry.npmjs.org/underscore/-/underscore-1.7.0.tgz
40 http 200 https://registry.npmjs.org/underscore/-/underscore-1.7.0.tgz
41 silly lockFile 0bc9860b--underscore-underscore-1-7-0-tgz https://registry.npmjs.org/underscore/-/underscore-1.7.0.tgz
42 silly lockFile 0bc9860b--underscore-underscore-1-7-0-tgz https://registry.npmjs.org/underscore/-/underscore-1.7.0.tgz
43 silly lockFile 900da168-underscore-1-7-0 underscore@1.7.0
44 silly lockFile 900da168-underscore-1-7-0 underscore@1.7.0
45 silly lockFile 7629b758-underscore underscore@
46 silly lockFile 7629b758-underscore underscore@
47 silly resolved [ { name: 'underscore',
47 silly resolved     description: 'JavaScript\'s functional programming helper library.',
47 silly resolved     homepage: 'http://underscorejs.org',
47 silly resolved     keywords: [ 'util', 'functional', 'server', 'client', 'browser' ],
47 silly resolved     author: { name: 'Jeremy Ashkenas', email: 'jeremy@documentcloud.org' },
47 silly resolved     repository:
47 silly resolved      { type: 'git',
47 silly resolved        url: 'git://github.com/jashkenas/underscore.git' },
47 silly resolved     main: 'underscore.js',
47 silly resolved     version: '1.7.0',
47 silly resolved     devDependencies:
47 silly resolved      { docco: '0.6.x',
47 silly resolved        phantomjs: '1.9.7-1',
47 silly resolved        'uglify-js': '2.4.x',
47 silly resolved        eslint: '0.6.x' },
47 silly resolved     scripts:
47 silly resolved      { test: 'phantomjs test/vendor/runner.js test/index.html?noglobals=true && eslint underscore.js test/*.js test/vendor/runner.js',
47 silly resolved        build: 'uglifyjs underscore.js -c "evaluate=false" --comments "/    .*/" -m --source-map underscore-min.map -o underscore-min.js',
47 silly resolved        doc: 'docco underscore.js' },
47 silly resolved     licenses: [ [Object] ],
47 silly resolved     files: [ 'underscore.js', 'underscore-min.js', 'LICENSE' ],
47 silly resolved     gitHead: 'da996e665deb0b69b257e80e3e257c04fde4191c',
47 silly resolved     bugs: { url: 'https://github.com/jashkenas/underscore/issues' },
47 silly resolved     _id: 'underscore@1.7.0',
47 silly resolved     _shasum: '6bbaf0877500d36be34ecaa584e0db9fef035209',
47 silly resolved     _from: 'underscore@',
47 silly resolved     _npmVersion: '1.4.24',
47 silly resolved     _npmUser: { name: 'jashkenas', email: 'jashkenas@gmail.com' },
47 silly resolved     maintainers: [ [Object] ],
47 silly resolved     dist:
47 silly resolved      { shasum: '6bbaf0877500d36be34ecaa584e0db9fef035209',
47 silly resolved        tarball: 'http://registry.npmjs.org/underscore/-/underscore-1.7.0.tgz' },
47 silly resolved     directories: {},
47 silly resolved     _resolved: 'https://registry.npmjs.org/underscore/-/underscore-1.7.0.tgz' } ]
48 info install underscore@1.7.0 into /usr/lib
49 info installOne underscore@1.7.0
50 verbose lib/node_modules/underscore unbuild
51 verbose tar unpack /home/kern0/.npm/underscore/1.7.0/package.tgz
52 silly lockFile 4bcc7055--usr-lib-node-modules-underscore tar:///usr/lib/node_modules/underscore
53 verbose lock tar:///usr/lib/node_modules/underscore /home/kern0/.npm/4bcc7055--usr-lib-node-modules-underscore.lock
54 silly lockFile 26a7edd1-npm-underscore-1-7-0-package-tgz tar:///home/kern0/.npm/underscore/1.7.0/package.tgz
55 verbose lock tar:///home/kern0/.npm/underscore/1.7.0/package.tgz /home/kern0/.npm/26a7edd1-npm-underscore-1-7-0-package-tgz.lock
56 silly gunzTarPerm modes [ '775', '664' ]
57 error Error: EACCES, mkdir '/usr/lib/node_modules/underscore'
57 error  { [Error: EACCES, mkdir '/usr/lib/node_modules/underscore']
57 error   errno: 3,
57 error   code: 'EACCES',
57 error   path: '/usr/lib/node_modules/underscore',
57 error   fstream_type: 'Directory',
57 error   fstream_path: '/usr/lib/node_modules/underscore',
57 error   fstream_class: 'DirWriter',
57 error   fstream_stack:
57 error    [ '/usr/lib/node_modules/npm/node_modules/fstream/lib/dir-writer.js:36:23',
57 error      '/usr/lib/node_modules/npm/node_modules/mkdirp/index.js:46:53',
57 error      'Object.oncomplete (fs.js:107:15)' ] }
58 error Please try running this command again as root/Administrator.
59 error System Linux 3.11.0-24-generic
60 error command "/usr/bin/node" "/usr/bin/npm" "install" "underscore" "-g"
61 error cwd /home/kern0/DEV/GCTickets
62 error node -v v0.10.32
63 error npm -v 1.4.28
64 error path /usr/lib/node_modules/underscore
65 error fstream_path /usr/lib/node_modules/underscore
66 error fstream_type Directory
67 error fstream_class DirWriter
68 error code EACCES
69 error errno 3
70 error stack Error: EACCES, mkdir '/usr/lib/node_modules/underscore'
71 error fstream_stack /usr/lib/node_modules/npm/node_modules/fstream/lib/dir-writer.js:36:23
71 error fstream_stack /usr/lib/node_modules/npm/node_modules/mkdirp/index.js:46:53
71 error fstream_stack Object.oncomplete (fs.js:107:15)
72 verbose exit [ 3, true ]
